Started GET "/" for 127.0.0.1 at 2017-02-09 18:52:23 -0200
  [1m[36mActiveRecord::SchemaMigration Load (0.4ms)[0m  [1m[34mSELECT "schema_migrations".* FROM "schema_migrations"[0m
Processing by JobsController#index as HTML
  Rendering jobs/index.html.erb within layouts/application
  [1m[36mJob Load (0.4ms)[0m  [1m[34mSELECT "jobs".* FROM "jobs"[0m
  Rendered jobs/index.html.erb within layouts/application (4.6ms)
Completed 200 OK in 355ms (Views: 342.7ms | ActiveRecord: 0.7ms)


Started GET "/job" for 127.0.0.1 at 2017-02-09 18:52:34 -0200
  
ActionController::RoutingError (No route matches [GET] "/job"):
  
actionpack (5.0.1) lib/action_dispatch/middleware/debug_exceptions.rb:53:in `call'
actionpack (5.0.1) lib/action_dispatch/middleware/show_exceptions.rb:31:in `call'
railties (5.0.1) lib/rails/rack/logger.rb:36:in `call_app'
railties (5.0.1) lib/rails/rack/logger.rb:24:in `block in call'
activesupport (5.0.1) lib/active_support/tagged_logging.rb:69:in `block in tagged'
activesupport (5.0.1) lib/active_support/tagged_logging.rb:26:in `tagged'
activesupport (5.0.1) lib/active_support/tagged_logging.rb:69:in `tagged'
railties (5.0.1) lib/rails/rack/logger.rb:24:in `call'
sprockets-rails (3.2.0) lib/sprockets/rails/quiet_assets.rb:13:in `call'
actionpack (5.0.1) lib/action_dispatch/middleware/request_id.rb:24:in `call'
rack (2.0.1) lib/rack/method_override.rb:22:in `call'
rack (2.0.1) lib/rack/runtime.rb:22:in `call'
activesupport (5.0.1) lib/active_support/cache/strategy/local_cache_middleware.rb:28:in `call'
actionpack (5.0.1) lib/action_dispatch/middleware/executor.rb:12:in `call'
actionpack (5.0.1) lib/action_dispatch/middleware/static.rb:136:in `call'
rack (2.0.1) lib/rack/sendfile.rb:111:in `call'
railties (5.0.1) lib/rails/engine.rb:522:in `call'
puma (3.7.0) lib/puma/configuration.rb:226:in `call'
puma (3.7.0) lib/puma/server.rb:578:in `handle_request'
puma (3.7.0) lib/puma/server.rb:415:in `process_client'
puma (3.7.0) lib/puma/server.rb:275:in `block in run'
puma (3.7.0) lib/puma/thread_pool.rb:120:in `block in spawn_thread'
  Rendering /Users/campuscode6/.rvm/gems/ruby-2.3.3/gems/actionpack-5.0.1/lib/action_dispatch/middleware/templates/rescues/routing_error.html.erb within rescues/layout
  Rendering /Users/campuscode6/.rvm/gems/ruby-2.3.3/gems/actionpack-5.0.1/lib/action_dispatch/middleware/templates/rescues/_trace.html.erb
  Rendered /Users/campuscode6/.rvm/gems/ruby-2.3.3/gems/actionpack-5.0.1/lib/action_dispatch/middleware/templates/rescues/_trace.html.erb (1.2ms)
  Rendered collection of /Users/campuscode6/.rvm/gems/ruby-2.3.3/gems/actionpack-5.0.1/lib/action_dispatch/middleware/templates/routes/_route.html.erb [4 times] (2.2ms)
  Rendered /Users/campuscode6/.rvm/gems/ruby-2.3.3/gems/actionpack-5.0.1/lib/action_dispatch/middleware/templates/routes/_table.html.erb (8.4ms)
  Rendering /Users/campuscode6/.rvm/gems/ruby-2.3.3/gems/actionpack-5.0.1/lib/action_dispatch/middleware/templates/rescues/_request_and_response.html.erb
  Rendered /Users/campuscode6/.rvm/gems/ruby-2.3.3/gems/actionpack-5.0.1/lib/action_dispatch/middleware/templates/rescues/_request_and_response.html.erb (1.3ms)
  Rendered /Users/campuscode6/.rvm/gems/ruby-2.3.3/gems/actionpack-5.0.1/lib/action_dispatch/middleware/templates/rescues/routing_error.html.erb within rescues/layout (82.3ms)
Started GET "/jobs" for 127.0.0.1 at 2017-02-09 18:52:39 -0200
  
ActionController::RoutingError (No route matches [GET] "/jobs"):
  
actionpack (5.0.1) lib/action_dispatch/middleware/debug_exceptions.rb:53:in `call'
actionpack (5.0.1) lib/action_dispatch/middleware/show_exceptions.rb:31:in `call'
railties (5.0.1) lib/rails/rack/logger.rb:36:in `call_app'
railties (5.0.1) lib/rails/rack/logger.rb:24:in `block in call'
activesupport (5.0.1) lib/active_support/tagged_logging.rb:69:in `block in tagged'
activesupport (5.0.1) lib/active_support/tagged_logging.rb:26:in `tagged'
activesupport (5.0.1) lib/active_support/tagged_logging.rb:69:in `tagged'
railties (5.0.1) lib/rails/rack/logger.rb:24:in `call'
sprockets-rails (3.2.0) lib/sprockets/rails/quiet_assets.rb:13:in `call'
actionpack (5.0.1) lib/action_dispatch/middleware/request_id.rb:24:in `call'
rack (2.0.1) lib/rack/method_override.rb:22:in `call'
rack (2.0.1) lib/rack/runtime.rb:22:in `call'
activesupport (5.0.1) lib/active_support/cache/strategy/local_cache_middleware.rb:28:in `call'
actionpack (5.0.1) lib/action_dispatch/middleware/executor.rb:12:in `call'
actionpack (5.0.1) lib/action_dispatch/middleware/static.rb:136:in `call'
rack (2.0.1) lib/rack/sendfile.rb:111:in `call'
railties (5.0.1) lib/rails/engine.rb:522:in `call'
puma (3.7.0) lib/puma/configuration.rb:226:in `call'
puma (3.7.0) lib/puma/server.rb:578:in `handle_request'
puma (3.7.0) lib/puma/server.rb:415:in `process_client'
puma (3.7.0) lib/puma/server.rb:275:in `block in run'
puma (3.7.0) lib/puma/thread_pool.rb:120:in `block in spawn_thread'
  Rendering /Users/campuscode6/.rvm/gems/ruby-2.3.3/gems/actionpack-5.0.1/lib/action_dispatch/middleware/templates/rescues/routing_error.html.erb within rescues/layout
  Rendering /Users/campuscode6/.rvm/gems/ruby-2.3.3/gems/actionpack-5.0.1/lib/action_dispatch/middleware/templates/rescues/_trace.html.erb
  Rendered /Users/campuscode6/.rvm/gems/ruby-2.3.3/gems/actionpack-5.0.1/lib/action_dispatch/middleware/templates/rescues/_trace.html.erb (2.4ms)
  Rendered collection of /Users/campuscode6/.rvm/gems/ruby-2.3.3/gems/actionpack-5.0.1/lib/action_dispatch/middleware/templates/routes/_route.html.erb [4 times] (2.7ms)
  Rendered /Users/campuscode6/.rvm/gems/ruby-2.3.3/gems/actionpack-5.0.1/lib/action_dispatch/middleware/templates/routes/_table.html.erb (7.5ms)
  Rendering /Users/campuscode6/.rvm/gems/ruby-2.3.3/gems/actionpack-5.0.1/lib/action_dispatch/middleware/templates/rescues/_request_and_response.html.erb
  Rendered /Users/campuscode6/.rvm/gems/ruby-2.3.3/gems/actionpack-5.0.1/lib/action_dispatch/middleware/templates/rescues/_request_and_response.html.erb (1.3ms)
  Rendered /Users/campuscode6/.rvm/gems/ruby-2.3.3/gems/actionpack-5.0.1/lib/action_dispatch/middleware/templates/rescues/routing_error.html.erb within rescues/layout (77.6ms)
Started GET "/" for 127.0.0.1 at 2017-02-09 18:52:44 -0200
Processing by JobsController#index as HTML
  Rendering jobs/index.html.erb within layouts/application
  [1m[36mJob Load (0.3ms)[0m  [1m[34mSELECT "jobs".* FROM "jobs"[0m
  Rendered jobs/index.html.erb within layouts/application (1.3ms)
Completed 200 OK in 23ms (Views: 20.3ms | ActiveRecord: 0.3ms)


Started GET "/" for 127.0.0.1 at 2017-02-09 18:53:28 -0200
Processing by JobsController#index as HTML
  Rendering jobs/index.html.erb within layouts/application
  [1m[36mJob Load (0.3ms)[0m  [1m[34mSELECT "jobs".* FROM "jobs"[0m
  Rendered jobs/index.html.erb within layouts/application (2.3ms)
Completed 200 OK in 28ms (Views: 23.9ms | ActiveRecord: 0.5ms)


Started GET "/jobs/new" for 127.0.0.1 at 2017-02-09 18:57:33 -0200
Processing by JobsController#new as HTML
  Rendering jobs/new.html.erb within layouts/application
  Rendered jobs/new.html.erb within layouts/application (4.3ms)
Completed 200 OK in 34ms (Views: 22.8ms | ActiveRecord: 0.4ms)


Started POST "/jobs" for 127.0.0.1 at 2017-02-09 18:57:41 -0200
Processing by JobsController#create as HTML
  Parameters: {"utf8"=>"✓", "authenticity_token"=>"VUrRczuouHhqPZxwFfi5N605syG4ElLeCzZ6tAH0QMUPStqktUuuEKVNzCDk68eGoMcvU0vg5iiX9XCmg5A0IA==", "job"=>{"title"=>"", "location"=>"", "category"=>"", "company"=>"", "description"=>""}, "commit"=>"Criar Vaga"}
No template found for JobsController#create, rendering head :no_content
Completed 204 No Content in 49ms (ActiveRecord: 0.0ms)


Started GET "/" for 127.0.0.1 at 2017-02-09 20:22:56 -0200
  [1m[36mActiveRecord::SchemaMigration Load (0.2ms)[0m  [1m[34mSELECT "schema_migrations".* FROM "schema_migrations"[0m
Processing by JobsController#index as HTML
  Rendering jobs/index.html.erb within layouts/application
  [1m[36mJob Load (0.2ms)[0m  [1m[34mSELECT "jobs".* FROM "jobs"[0m
  Rendered jobs/index.html.erb within layouts/application (4.0ms)
Completed 200 OK in 209ms (Views: 196.8ms | ActiveRecord: 0.4ms)


Started GET "/jobs/new" for 127.0.0.1 at 2017-02-09 20:23:04 -0200
Processing by JobsController#new as HTML
  Rendering jobs/new.html.erb within layouts/application
  Rendered jobs/new.html.erb within layouts/application (11.6ms)
Completed 500 Internal Server Error in 23ms (ActiveRecord: 0.5ms)


  
ActionView::Template::Error (undefined method `merge' for "Destaque":String):
    14:   <%= f.label :description, "Descrição" %>
    15:   <%= f.text_field :description  %>
    16: 
    17:   <%= f.check_box :destaque, "Destaque" %>
    18: 
    19:   <%= f.submit "Criar Vaga" %>
    20: 
  
app/views/jobs/new.html.erb:17:in `block in _app_views_jobs_new_html_erb___789476637286914722_70315357363940'
app/views/jobs/new.html.erb:1:in `_app_views_jobs_new_html_erb___789476637286914722_70315357363940'
  Rendering /Users/campuscode6/.rvm/gems/ruby-2.3.3/gems/actionpack-5.0.1/lib/action_dispatch/middleware/templates/rescues/template_error.html.erb within rescues/layout
  Rendering /Users/campuscode6/.rvm/gems/ruby-2.3.3/gems/actionpack-5.0.1/lib/action_dispatch/middleware/templates/rescues/_source.html.erb
  Rendered /Users/campuscode6/.rvm/gems/ruby-2.3.3/gems/actionpack-5.0.1/lib/action_dispatch/middleware/templates/rescues/_source.html.erb (3.3ms)
  Rendering /Users/campuscode6/.rvm/gems/ruby-2.3.3/gems/actionpack-5.0.1/lib/action_dispatch/middleware/templates/rescues/_trace.html.erb
  Rendered /Users/campuscode6/.rvm/gems/ruby-2.3.3/gems/actionpack-5.0.1/lib/action_dispatch/middleware/templates/rescues/_trace.html.erb (1.6ms)
  Rendering /Users/campuscode6/.rvm/gems/ruby-2.3.3/gems/actionpack-5.0.1/lib/action_dispatch/middleware/templates/rescues/_request_and_response.html.erb
  Rendered /Users/campuscode6/.rvm/gems/ruby-2.3.3/gems/actionpack-5.0.1/lib/action_dispatch/middleware/templates/rescues/_request_and_response.html.erb (0.6ms)
  Rendered /Users/campuscode6/.rvm/gems/ruby-2.3.3/gems/actionpack-5.0.1/lib/action_dispatch/middleware/templates/rescues/template_error.html.erb within rescues/layout (56.1ms)
Started GET "/jobs/new" for 127.0.0.1 at 2017-02-09 20:23:32 -0200
Processing by JobsController#new as HTML
  Rendering jobs/new.html.erb within layouts/application
  Rendered jobs/new.html.erb within layouts/application (42.9ms)
Completed 500 Internal Server Error in 48ms (ActiveRecord: 0.0ms)


  
ActionView::Template::Error (undefined method `destaque' for #<Job:0x007fe723dea9d8>):
    14:   <%= f.label :description, "Descrição" %>
    15:   <%= f.text_field :description  %>
    16: 
    17:   <%= f.check_box :destaque %>
    18: 
    19:   <%= f.submit "Criar Vaga" %>
    20: 
  
app/views/jobs/new.html.erb:17:in `block in _app_views_jobs_new_html_erb___789476637286914722_70315357981080'
app/views/jobs/new.html.erb:1:in `_app_views_jobs_new_html_erb___789476637286914722_70315357981080'
  Rendering /Users/campuscode6/.rvm/gems/ruby-2.3.3/gems/actionpack-5.0.1/lib/action_dispatch/middleware/templates/rescues/template_error.html.erb within rescues/layout
  Rendering /Users/campuscode6/.rvm/gems/ruby-2.3.3/gems/actionpack-5.0.1/lib/action_dispatch/middleware/templates/rescues/_source.html.erb
  Rendered /Users/campuscode6/.rvm/gems/ruby-2.3.3/gems/actionpack-5.0.1/lib/action_dispatch/middleware/templates/rescues/_source.html.erb (3.8ms)
  Rendering /Users/campuscode6/.rvm/gems/ruby-2.3.3/gems/actionpack-5.0.1/lib/action_dispatch/middleware/templates/rescues/_trace.html.erb
  Rendered /Users/campuscode6/.rvm/gems/ruby-2.3.3/gems/actionpack-5.0.1/lib/action_dispatch/middleware/templates/rescues/_trace.html.erb (1.7ms)
  Rendering /Users/campuscode6/.rvm/gems/ruby-2.3.3/gems/actionpack-5.0.1/lib/action_dispatch/middleware/templates/rescues/_request_and_response.html.erb
  Rendered /Users/campuscode6/.rvm/gems/ruby-2.3.3/gems/actionpack-5.0.1/lib/action_dispatch/middleware/templates/rescues/_request_and_response.html.erb (0.8ms)
  Rendered /Users/campuscode6/.rvm/gems/ruby-2.3.3/gems/actionpack-5.0.1/lib/action_dispatch/middleware/templates/rescues/template_error.html.erb within rescues/layout (53.1ms)
Started GET "/jobs/new" for 127.0.0.1 at 2017-02-09 20:25:45 -0200
  [1m[36mActiveRecord::SchemaMigration Load (0.2ms)[0m  [1m[34mSELECT "schema_migrations".* FROM "schema_migrations"[0m
Processing by JobsController#new as HTML
  Rendering jobs/new.html.erb within layouts/application
  Rendered jobs/new.html.erb within layouts/application (14.4ms)
Completed 200 OK in 214ms (Views: 193.3ms | ActiveRecord: 1.0ms)


  [1m[36mActiveRecord::SchemaMigration Load (0.1ms)[0m  [1m[34mSELECT "schema_migrations".* FROM "schema_migrations"[0m
Migrating to AddFeaturedToJobs (20170209223057)
  [1m[35m (0.1ms)[0m  [1m[36mbegin transaction[0m
  [1m[35m (0.4ms)[0m  [1m[35mALTER TABLE "jobs" ADD "featured" boolean[0m
  [1m[35mSQL (0.2ms)[0m  [1m[32mINSERT INTO "schema_migrations" ("version") VALUES (?)[0m  [["version", "20170209223057"]]
  [1m[35m (4.5ms)[0m  [1m[36mcommit transaction[0m
  [1m[36mActiveRecord::InternalMetadata Load (0.5ms)[0m  [1m[34mSELECT  "ar_internal_metadata".* FROM "ar_internal_metadata" WHERE "ar_internal_metadata"."key" = ? LIMIT ?[0m  [["key", :environment], ["LIMIT", 1]]
  [1m[35m (0.0ms)[0m  [1m[36mbegin transaction[0m
  [1m[35m (0.1ms)[0m  [1m[36mcommit transaction[0m
  [1m[36mActiveRecord::SchemaMigration Load (0.1ms)[0m  [1m[34mSELECT "schema_migrations".* FROM "schema_migrations"[0m
Started GET "/jobs/new" for 127.0.0.1 at 2017-02-09 20:36:56 -0200
  [1m[36mActiveRecord::SchemaMigration Load (0.2ms)[0m  [1m[34mSELECT "schema_migrations".* FROM "schema_migrations"[0m
Processing by JobsController#new as HTML
  Rendering jobs/new.html.erb within layouts/application
  Rendered jobs/new.html.erb within layouts/application (23.2ms)
Completed 200 OK in 218ms (Views: 196.3ms | ActiveRecord: 1.4ms)


  [1m[36mActiveRecord::SchemaMigration Load (0.1ms)[0m  [1m[34mSELECT "schema_migrations".* FROM "schema_migrations"[0m
Migrating to RemoveCompanyFromJobs (20170209234447)
  [1m[35m (0.1ms)[0m  [1m[36mbegin transaction[0m
  [1m[35m (0.4ms)[0m  [1m[35mCREATE TEMPORARY TABLE "ajobs" ("id" INTEGER PRIMARY KEY AUTOINCREMENT NOT NULL, "title" varchar, "category" varchar, "company" varchar, "description" varchar, "location" varchar, "created_at" datetime NOT NULL, "updated_at" datetime NOT NULL, "featured" boolean)[0m
  [1m[35m (0.2ms)[0m  [1m[32mINSERT INTO "ajobs" ("id","title","category","company","description","location","created_at","updated_at","featured")
                     SELECT "id","title","category","company","description","location","created_at","updated_at","featured" FROM "jobs"[0m
  [1m[35m (0.2ms)[0m  [1m[35mDROP TABLE "jobs"[0m
  [1m[35m (0.1ms)[0m  [1m[35mCREATE TABLE "jobs" ("id" INTEGER PRIMARY KEY AUTOINCREMENT NOT NULL, "title" varchar, "category" varchar, "description" varchar, "location" varchar, "created_at" datetime NOT NULL, "updated_at" datetime NOT NULL, "featured" boolean)[0m
  [1m[35m (0.1ms)[0m  [1m[32mINSERT INTO "jobs" ("id","title","category","description","location","created_at","updated_at","featured")
                     SELECT "id","title","category","description","location","created_at","updated_at","featured" FROM "ajobs"[0m
  [1m[35m (0.1ms)[0m  [1m[35mDROP TABLE "ajobs"[0m
  [1m[35mSQL (0.2ms)[0m  [1m[32mINSERT INTO "schema_migrations" ("version") VALUES (?)[0m  [["version", "20170209234447"]]
  [1m[35m (1.4ms)[0m  [1m[36mcommit transaction[0m
  [1m[36mActiveRecord::InternalMetadata Load (0.1ms)[0m  [1m[34mSELECT  "ar_internal_metadata".* FROM "ar_internal_metadata" WHERE "ar_internal_metadata"."key" = ? LIMIT ?[0m  [["key", :environment], ["LIMIT", 1]]
  [1m[35m (0.1ms)[0m  [1m[36mbegin transaction[0m
  [1m[35m (0.0ms)[0m  [1m[36mcommit transaction[0m
  [1m[36mActiveRecord::SchemaMigration Load (0.1ms)[0m  [1m[34mSELECT "schema_migrations".* FROM "schema_migrations"[0m
  [1m[36mActiveRecord::SchemaMigration Load (0.2ms)[0m  [1m[34mSELECT "schema_migrations".* FROM "schema_migrations"[0m
Migrating to CreateCompanies (20170209235209)
  [1m[35m (0.1ms)[0m  [1m[36mbegin transaction[0m
  [1m[35m (0.4ms)[0m  [1m[35mCREATE TABLE "companies" ("id" INTEGER PRIMARY KEY AUTOINCREMENT NOT NULL, "name" varchar, "location" varchar, "mail" varchar, "phone" varchar, "created_at" datetime NOT NULL, "updated_at" datetime NOT NULL)[0m
  [1m[35mSQL (0.1ms)[0m  [1m[32mINSERT INTO "schema_migrations" ("version") VALUES (?)[0m  [["version", "20170209235209"]]
  [1m[35m (1.0ms)[0m  [1m[36mcommit transaction[0m
  [1m[36mActiveRecord::InternalMetadata Load (0.2ms)[0m  [1m[34mSELECT  "ar_internal_metadata".* FROM "ar_internal_metadata" WHERE "ar_internal_metadata"."key" = ? LIMIT ?[0m  [["key", :environment], ["LIMIT", 1]]
  [1m[35m (0.0ms)[0m  [1m[36mbegin transaction[0m
  [1m[35m (0.0ms)[0m  [1m[36mcommit transaction[0m
  [1m[36mActiveRecord::SchemaMigration Load (0.1ms)[0m  [1m[34mSELECT "schema_migrations".* FROM "schema_migrations"[0m
  [1m[36mActiveRecord::SchemaMigration Load (0.2ms)[0m  [1m[34mSELECT "schema_migrations".* FROM "schema_migrations"[0m
Migrating to AddCompanyRefToJobs (20170209235746)
  [1m[35m (0.1ms)[0m  [1m[36mbegin transaction[0m
  [1m[35m (0.4ms)[0m  [1m[35mALTER TABLE "jobs" ADD "company_id" integer[0m
  [1m[35m (0.1ms)[0m  [1m[34mselect sqlite_version(*)[0m
  [1m[35m (41.1ms)[0m  [1m[35mCREATE  INDEX "index_jobs_on_company_id" ON "jobs" ("company_id")[0m
  [1m[35mSQL (0.2ms)[0m  [1m[32mINSERT INTO "schema_migrations" ("version") VALUES (?)[0m  [["version", "20170209235746"]]
  [1m[35m (0.8ms)[0m  [1m[36mcommit transaction[0m
  [1m[36mActiveRecord::InternalMetadata Load (0.2ms)[0m  [1m[34mSELECT  "ar_internal_metadata".* FROM "ar_internal_metadata" WHERE "ar_internal_metadata"."key" = ? LIMIT ?[0m  [["key", :environment], ["LIMIT", 1]]
  [1m[35m (0.1ms)[0m  [1m[36mbegin transaction[0m
  [1m[35m (0.1ms)[0m  [1m[36mcommit transaction[0m
  [1m[36mActiveRecord::SchemaMigration Load (0.1ms)[0m  [1m[34mSELECT "schema_migrations".* FROM "schema_migrations"[0m
  [1m[35m (0.1ms)[0m  [1m[34m            SELECT sql
            FROM sqlite_master
            WHERE name='index_jobs_on_company_id' AND type='index'
            UNION ALL
            SELECT sql
            FROM sqlite_temp_master
            WHERE name='index_jobs_on_company_id' AND type='index'
[0m
  [1m[35m (0.4ms)[0m  [1m[34mSELECT "schema_migrations"."version" FROM "schema_migrations"[0m
  [1m[35m (0.1ms)[0m  [1m[36mbegin transaction[0m
  [1m[35mSQL (12.6ms)[0m  [1m[32mINSERT INTO "companies" ("name", "location", "created_at", "updated_at") VALUES (?, ?, ?, ?)[0m  [["name", "nubank"], ["location", "Sp"], ["created_at", 2017-02-13 21:54:26 UTC], ["updated_at", 2017-02-13 21:54:26 UTC]]
  [1m[35m (1.8ms)[0m  [1m[36mcommit transaction[0m
  [1m[36mJob Load (2.8ms)[0m  [1m[34mSELECT "jobs".* FROM "jobs"[0m
  [1m[36mJob Load (0.2ms)[0m  [1m[34mSELECT  "jobs".* FROM "jobs" ORDER BY "jobs"."id" ASC LIMIT ?[0m  [["LIMIT", 1]]
  [1m[35m (0.1ms)[0m  [1m[34mSELECT "schema_migrations"."version" FROM "schema_migrations"[0m
  [1m[35m (0.1ms)[0m  [1m[36mbegin transaction[0m
  [1m[35m (0.1ms)[0m  [1m[31mrollback transaction[0m
Started GET "/" for 127.0.0.1 at 2017-02-13 21:37:32 -0200
  [1m[36mActiveRecord::SchemaMigration Load (0.2ms)[0m  [1m[34mSELECT "schema_migrations".* FROM "schema_migrations"[0m
Processing by JobsController#index as HTML
  Rendering jobs/index.html.erb within layouts/application
  [1m[36mJob Load (0.4ms)[0m  [1m[34mSELECT "jobs".* FROM "jobs"[0m
  Rendered jobs/index.html.erb within layouts/application (3.4ms)
Completed 200 OK in 323ms (Views: 307.4ms | ActiveRecord: 0.7ms)


Started GET "/jobs/new" for 127.0.0.1 at 2017-02-13 21:37:44 -0200
Processing by JobsController#new as HTML
  Rendering jobs/new.html.erb within layouts/application
  [1m[36mCompany Load (0.2ms)[0m  [1m[34mSELECT "companies".* FROM "companies"[0m
  Rendered jobs/new.html.erb within layouts/application (15.7ms)
Completed 200 OK in 41ms (Views: 28.7ms | ActiveRecord: 1.4ms)


Started POST "/jobs" for 127.0.0.1 at 2017-02-13 21:37:47 -0200
Processing by JobsController#create as HTML
  Parameters: {"utf8"=>"✓", "authenticity_token"=>"UnNmVv1U59h9eNx63CXpt6s+7P5SRYgXkA/8OirLcjt6iev1amPxsEvkTc9NfCfIdksMUoOR4fOfM+82gpSqCQ==", "job"=>{"title"=>"", "location"=>"", "category"=>"", "company_id"=>"1", "description"=>"", "featured"=>"0"}, "commit"=>"Criar Vaga"}
  [1m[35m (0.2ms)[0m  [1m[36mbegin transaction[0m
  [1m[36mCompany Load (0.2ms)[0m  [1m[34mSELECT  "companies".* FROM "companies" WHERE "companies"."id" = ? LIMIT ?[0m  [["id", 1], ["LIMIT", 1]]
  [1m[35m (0.1ms)[0m  [1m[31mrollback transaction[0m
  Rendering jobs/new.html.erb within layouts/application
  [1m[36mCompany Load (0.1ms)[0m  [1m[34mSELECT "companies".* FROM "companies"[0m
  Rendered jobs/new.html.erb within layouts/application (4.4ms)
Completed 200 OK in 62ms (Views: 34.1ms | ActiveRecord: 0.6ms)


Started POST "/jobs" for 127.0.0.1 at 2017-02-13 21:37:55 -0200
Processing by JobsController#create as HTML
  Parameters: {"utf8"=>"✓", "authenticity_token"=>"nLxOhzOvCB7dNNk5O2z3e8pxWGRILZXi379tNuiOHCG0RsMkpJgeduuoSIyqNTkEFwS4yJn5/AbQg346QNHEEw==", "job"=>{"title"=>"sdadasd", "location"=>"asdasd", "category"=>"sdads", "company_id"=>"1", "description"=>"", "featured"=>"0"}, "commit"=>"Criar Vaga"}
  [1m[35m (0.1ms)[0m  [1m[36mbegin transaction[0m
  [1m[36mCompany Load (0.1ms)[0m  [1m[34mSELECT  "companies".* FROM "companies" WHERE "companies"."id" = ? LIMIT ?[0m  [["id", 1], ["LIMIT", 1]]
  [1m[35m (0.1ms)[0m  [1m[31mrollback transaction[0m
  Rendering jobs/new.html.erb within layouts/application
  [1m[36mCompany Load (0.1ms)[0m  [1m[34mSELECT "companies".* FROM "companies"[0m
  Rendered jobs/new.html.erb within layouts/application (3.1ms)
Completed 200 OK in 32ms (Views: 27.0ms | ActiveRecord: 0.4ms)


Started POST "/jobs" for 127.0.0.1 at 2017-02-13 21:38:43 -0200
Processing by JobsController#create as HTML
  Parameters: {"utf8"=>"✓", "authenticity_token"=>"yLvf3zcSUIzYay8AajD078EVRkzJ3BNTE6wVf/Z0BTTgQVJ8oCVG5O73vrX7aTqQHGCm4BgIercckAZzXivdBg==", "job"=>{"title"=>"analista", "location"=>"sp", "category"=>"dev", "company_id"=>"1", "description"=>"analista senior", "featured"=>"1"}, "commit"=>"Criar Vaga"}
  [1m[35m (0.1ms)[0m  [1m[36mbegin transaction[0m
  [1m[36mCompany Load (0.1ms)[0m  [1m[34mSELECT  "companies".* FROM "companies" WHERE "companies"."id" = ? LIMIT ?[0m  [["id", 1], ["LIMIT", 1]]
  [1m[35mSQL (1.0ms)[0m  [1m[32mINSERT INTO "jobs" ("title", "category", "description", "location", "created_at", "updated_at", "featured", "company_id") VALUES (?, ?, ?, ?, ?, ?, ?, ?)[0m  [["title", "analista"], ["category", "dev"], ["description", "analista senior"], ["location", "sp"], ["created_at", 2017-02-13 23:38:43 UTC], ["updated_at", 2017-02-13 23:38:43 UTC], ["featured", true], ["company_id", 1]]
  [1m[35m (1.0ms)[0m  [1m[36mcommit transaction[0m
Redirected to http://localhost:3000/jobs/1
Completed 302 Found in 10ms (ActiveRecord: 2.2ms)


Started GET "/jobs/1" for 127.0.0.1 at 2017-02-13 21:38:43 -0200
Processing by JobsController#show as HTML
  Parameters: {"id"=>"1"}
  [1m[36mJob Load (0.2ms)[0m  [1m[34mSELECT  "jobs".* FROM "jobs" WHERE "jobs"."id" = ? LIMIT ?[0m  [["id", 1], ["LIMIT", 1]]
  Rendering jobs/show.html.erb within layouts/application
  [1m[36mCompany Load (0.1ms)[0m  [1m[34mSELECT  "companies".* FROM "companies" WHERE "companies"."id" = ? LIMIT ?[0m  [["id", 1], ["LIMIT", 1]]
  Rendered jobs/show.html.erb within layouts/application (2.5ms)
Completed 200 OK in 28ms (Views: 25.2ms | ActiveRecord: 0.3ms)


Started GET "/" for 127.0.0.1 at 2017-02-13 21:38:50 -0200
Processing by JobsController#index as HTML
  Rendering jobs/index.html.erb within layouts/application
  [1m[36mJob Load (0.3ms)[0m  [1m[34mSELECT "jobs".* FROM "jobs"[0m
  [1m[36mCompany Load (0.2ms)[0m  [1m[34mSELECT  "companies".* FROM "companies" WHERE "companies"."id" = ? LIMIT ?[0m  [["id", 1], ["LIMIT", 1]]
  Rendered jobs/index.html.erb within layouts/application (5.7ms)
Completed 200 OK in 30ms (Views: 25.4ms | ActiveRecord: 0.5ms)


Started GET "/jobs/1" for 127.0.0.1 at 2017-02-13 21:38:55 -0200
Processing by JobsController#show as HTML
  Parameters: {"id"=>"1"}
  [1m[36mJob Load (0.2ms)[0m  [1m[34mSELECT  "jobs".* FROM "jobs" WHERE "jobs"."id" = ? LIMIT ?[0m  [["id", 1], ["LIMIT", 1]]
  Rendering jobs/show.html.erb within layouts/application
  [1m[36mCompany Load (0.1ms)[0m  [1m[34mSELECT  "companies".* FROM "companies" WHERE "companies"."id" = ? LIMIT ?[0m  [["id", 1], ["LIMIT", 1]]
  Rendered jobs/show.html.erb within layouts/application (2.8ms)
Completed 200 OK in 25ms (Views: 21.0ms | ActiveRecord: 0.3ms)


Started GET "/" for 127.0.0.1 at 2017-02-13 21:39:06 -0200
Processing by JobsController#index as HTML
  Rendering jobs/index.html.erb within layouts/application
  [1m[36mJob Load (0.2ms)[0m  [1m[34mSELECT "jobs".* FROM "jobs"[0m
  [1m[36mCompany Load (0.1ms)[0m  [1m[34mSELECT  "companies".* FROM "companies" WHERE "companies"."id" = ? LIMIT ?[0m  [["id", 1], ["LIMIT", 1]]
  Rendered jobs/index.html.erb within layouts/application (3.3ms)
Completed 200 OK in 25ms (Views: 21.9ms | ActiveRecord: 0.3ms)


Started GET "/" for 127.0.0.1 at 2017-02-13 21:40:36 -0200
  [1m[36mActiveRecord::SchemaMigration Load (0.2ms)[0m  [1m[34mSELECT "schema_migrations".* FROM "schema_migrations"[0m
Processing by JobsController#index as HTML
  Rendering jobs/index.html.erb within layouts/application
  [1m[36mJob Load (0.2ms)[0m  [1m[34mSELECT "jobs".* FROM "jobs"[0m
  [1m[36mCompany Load (0.2ms)[0m  [1m[34mSELECT  "companies".* FROM "companies" WHERE "companies"."id" = ? LIMIT ?[0m  [["id", 1], ["LIMIT", 1]]
  Rendered jobs/index.html.erb within layouts/application (51.0ms)
Completed 500 Internal Server Error in 73ms (ActiveRecord: 2.0ms)


  
ActionView::Template::Error (No route matches {:action=>"show", :controller=>"jobs"} missing required keys: [:id]):
    10:  <% end %>
    11: 
    12: <%end%>
    13: <%= link_to 'Vagas', job_path %>
  
app/views/jobs/index.html.erb:13:in `_app_views_jobs_index_html_erb__2241814145440971193_70104805738000'
  Rendering /Users/campuscode6/.rvm/gems/ruby-2.3.3/gems/actionpack-5.0.1/lib/action_dispatch/middleware/templates/rescues/template_error.html.erb within rescues/layout
  Rendering /Users/campuscode6/.rvm/gems/ruby-2.3.3/gems/actionpack-5.0.1/lib/action_dispatch/middleware/templates/rescues/_source.html.erb
  Rendered /Users/campuscode6/.rvm/gems/ruby-2.3.3/gems/actionpack-5.0.1/lib/action_dispatch/middleware/templates/rescues/_source.html.erb (4.7ms)
  Rendering /Users/campuscode6/.rvm/gems/ruby-2.3.3/gems/actionpack-5.0.1/lib/action_dispatch/middleware/templates/rescues/_trace.html.erb
  Rendered /Users/campuscode6/.rvm/gems/ruby-2.3.3/gems/actionpack-5.0.1/lib/action_dispatch/middleware/templates/rescues/_trace.html.erb (1.6ms)
  Rendering /Users/campuscode6/.rvm/gems/ruby-2.3.3/gems/actionpack-5.0.1/lib/action_dispatch/middleware/templates/rescues/_request_and_response.html.erb
  Rendered /Users/campuscode6/.rvm/gems/ruby-2.3.3/gems/actionpack-5.0.1/lib/action_dispatch/middleware/templates/rescues/_request_and_response.html.erb (0.7ms)
  Rendered /Users/campuscode6/.rvm/gems/ruby-2.3.3/gems/actionpack-5.0.1/lib/action_dispatch/middleware/templates/rescues/template_error.html.erb within rescues/layout (61.1ms)
Started GET "/" for 127.0.0.1 at 2017-02-13 21:41:07 -0200
Processing by JobsController#index as HTML
  Rendering jobs/index.html.erb within layouts/application
  [1m[36mJob Load (0.1ms)[0m  [1m[34mSELECT "jobs".* FROM "jobs"[0m
  [1m[36mCompany Load (0.1ms)[0m  [1m[34mSELECT  "companies".* FROM "companies" WHERE "companies"."id" = ? LIMIT ?[0m  [["id", 1], ["LIMIT", 1]]
  Rendered jobs/index.html.erb within layouts/application (2.3ms)
Completed 200 OK in 169ms (Views: 166.9ms | ActiveRecord: 0.2ms)


Started GET "/jobs" for 127.0.0.1 at 2017-02-13 21:41:10 -0200
  
ActionController::RoutingError (No route matches [GET] "/jobs"):
  
actionpack (5.0.1) lib/action_dispatch/middleware/debug_exceptions.rb:53:in `call'
actionpack (5.0.1) lib/action_dispatch/middleware/show_exceptions.rb:31:in `call'
railties (5.0.1) lib/rails/rack/logger.rb:36:in `call_app'
railties (5.0.1) lib/rails/rack/logger.rb:24:in `block in call'
activesupport (5.0.1) lib/active_support/tagged_logging.rb:69:in `block in tagged'
activesupport (5.0.1) lib/active_support/tagged_logging.rb:26:in `tagged'
activesupport (5.0.1) lib/active_support/tagged_logging.rb:69:in `tagged'
railties (5.0.1) lib/rails/rack/logger.rb:24:in `call'
sprockets-rails (3.2.0) lib/sprockets/rails/quiet_assets.rb:13:in `call'
actionpack (5.0.1) lib/action_dispatch/middleware/request_id.rb:24:in `call'
rack (2.0.1) lib/rack/method_override.rb:22:in `call'
rack (2.0.1) lib/rack/runtime.rb:22:in `call'
activesupport (5.0.1) lib/active_support/cache/strategy/local_cache_middleware.rb:28:in `call'
actionpack (5.0.1) lib/action_dispatch/middleware/executor.rb:12:in `call'
actionpack (5.0.1) lib/action_dispatch/middleware/static.rb:136:in `call'
rack (2.0.1) lib/rack/sendfile.rb:111:in `call'
railties (5.0.1) lib/rails/engine.rb:522:in `call'
puma (3.7.0) lib/puma/configuration.rb:226:in `call'
puma (3.7.0) lib/puma/server.rb:578:in `handle_request'
puma (3.7.0) lib/puma/server.rb:415:in `process_client'
puma (3.7.0) lib/puma/server.rb:275:in `block in run'
puma (3.7.0) lib/puma/thread_pool.rb:120:in `block in spawn_thread'
  Rendering /Users/campuscode6/.rvm/gems/ruby-2.3.3/gems/actionpack-5.0.1/lib/action_dispatch/middleware/templates/rescues/routing_error.html.erb within rescues/layout
  Rendering /Users/campuscode6/.rvm/gems/ruby-2.3.3/gems/actionpack-5.0.1/lib/action_dispatch/middleware/templates/rescues/_trace.html.erb
  Rendered /Users/campuscode6/.rvm/gems/ruby-2.3.3/gems/actionpack-5.0.1/lib/action_dispatch/middleware/templates/rescues/_trace.html.erb (0.9ms)
  Rendered collection of /Users/campuscode6/.rvm/gems/ruby-2.3.3/gems/actionpack-5.0.1/lib/action_dispatch/middleware/templates/routes/_route.html.erb [4 times] (1.9ms)
  Rendered /Users/campuscode6/.rvm/gems/ruby-2.3.3/gems/actionpack-5.0.1/lib/action_dispatch/middleware/templates/routes/_table.html.erb (11.7ms)
  Rendering /Users/campuscode6/.rvm/gems/ruby-2.3.3/gems/actionpack-5.0.1/lib/action_dispatch/middleware/templates/rescues/_request_and_response.html.erb
  Rendered /Users/campuscode6/.rvm/gems/ruby-2.3.3/gems/actionpack-5.0.1/lib/action_dispatch/middleware/templates/rescues/_request_and_response.html.erb (1.0ms)
  Rendered /Users/campuscode6/.rvm/gems/ruby-2.3.3/gems/actionpack-5.0.1/lib/action_dispatch/middleware/templates/rescues/routing_error.html.erb within rescues/layout (80.1ms)
Started GET "/jobs" for 127.0.0.1 at 2017-02-13 21:42:00 -0200
  
ActionController::RoutingError (No route matches [GET] "/jobs"):
  
actionpack (5.0.1) lib/action_dispatch/middleware/debug_exceptions.rb:53:in `call'
actionpack (5.0.1) lib/action_dispatch/middleware/show_exceptions.rb:31:in `call'
railties (5.0.1) lib/rails/rack/logger.rb:36:in `call_app'
railties (5.0.1) lib/rails/rack/logger.rb:24:in `block in call'
activesupport (5.0.1) lib/active_support/tagged_logging.rb:69:in `block in tagged'
activesupport (5.0.1) lib/active_support/tagged_logging.rb:26:in `tagged'
activesupport (5.0.1) lib/active_support/tagged_logging.rb:69:in `tagged'
railties (5.0.1) lib/rails/rack/logger.rb:24:in `call'
sprockets-rails (3.2.0) lib/sprockets/rails/quiet_assets.rb:13:in `call'
actionpack (5.0.1) lib/action_dispatch/middleware/request_id.rb:24:in `call'
rack (2.0.1) lib/rack/method_override.rb:22:in `call'
rack (2.0.1) lib/rack/runtime.rb:22:in `call'
activesupport (5.0.1) lib/active_support/cache/strategy/local_cache_middleware.rb:28:in `call'
actionpack (5.0.1) lib/action_dispatch/middleware/executor.rb:12:in `call'
actionpack (5.0.1) lib/action_dispatch/middleware/static.rb:136:in `call'
rack (2.0.1) lib/rack/sendfile.rb:111:in `call'
railties (5.0.1) lib/rails/engine.rb:522:in `call'
puma (3.7.0) lib/puma/configuration.rb:226:in `call'
puma (3.7.0) lib/puma/server.rb:578:in `handle_request'
puma (3.7.0) lib/puma/server.rb:415:in `process_client'
puma (3.7.0) lib/puma/server.rb:275:in `block in run'
puma (3.7.0) lib/puma/thread_pool.rb:120:in `block in spawn_thread'
  Rendering /Users/campuscode6/.rvm/gems/ruby-2.3.3/gems/actionpack-5.0.1/lib/action_dispatch/middleware/templates/rescues/routing_error.html.erb within rescues/layout
  Rendering /Users/campuscode6/.rvm/gems/ruby-2.3.3/gems/actionpack-5.0.1/lib/action_dispatch/middleware/templates/rescues/_trace.html.erb
  Rendered /Users/campuscode6/.rvm/gems/ruby-2.3.3/gems/actionpack-5.0.1/lib/action_dispatch/middleware/templates/rescues/_trace.html.erb (1.2ms)
  Rendered collection of /Users/campuscode6/.rvm/gems/ruby-2.3.3/gems/actionpack-5.0.1/lib/action_dispatch/middleware/templates/routes/_route.html.erb [4 times] (1.7ms)
  Rendered /Users/campuscode6/.rvm/gems/ruby-2.3.3/gems/actionpack-5.0.1/lib/action_dispatch/middleware/templates/routes/_table.html.erb (1.1ms)
  Rendering /Users/campuscode6/.rvm/gems/ruby-2.3.3/gems/actionpack-5.0.1/lib/action_dispatch/middleware/templates/rescues/_request_and_response.html.erb
  Rendered /Users/campuscode6/.rvm/gems/ruby-2.3.3/gems/actionpack-5.0.1/lib/action_dispatch/middleware/templates/rescues/_request_and_response.html.erb (1.1ms)
  Rendered /Users/campuscode6/.rvm/gems/ruby-2.3.3/gems/actionpack-5.0.1/lib/action_dispatch/middleware/templates/rescues/routing_error.html.erb within rescues/layout (66.1ms)
Started GET "/" for 127.0.0.1 at 2017-02-13 21:42:04 -0200
Processing by JobsController#index as HTML
  Rendering jobs/index.html.erb within layouts/application
  [1m[36mJob Load (0.1ms)[0m  [1m[34mSELECT "jobs".* FROM "jobs"[0m
  [1m[36mCompany Load (0.1ms)[0m  [1m[34mSELECT  "companies".* FROM "companies" WHERE "companies"."id" = ? LIMIT ?[0m  [["id", 1], ["LIMIT", 1]]
  Rendered jobs/index.html.erb within layouts/application (117.2ms)
Completed 500 Internal Server Error in 122ms (ActiveRecord: 0.2ms)


  
ActionView::Template::Error (undefined local variable or method `index_jobs_path' for #<#<Class:0x007f8518153458>:0x007f85159cfe68>
Did you mean?  new_job_path):
    10:  <% end %>
    11: 
    12: <%end%>
    13: <%= link_to 'Vagas', index_jobs_path %>
  
app/views/jobs/index.html.erb:13:in `_app_views_jobs_index_html_erb__2241814145440971193_70104785005140'
  Rendering /Users/campuscode6/.rvm/gems/ruby-2.3.3/gems/actionpack-5.0.1/lib/action_dispatch/middleware/templates/rescues/template_error.html.erb within rescues/layout
  Rendering /Users/campuscode6/.rvm/gems/ruby-2.3.3/gems/actionpack-5.0.1/lib/action_dispatch/middleware/templates/rescues/_source.html.erb
  Rendered /Users/campuscode6/.rvm/gems/ruby-2.3.3/gems/actionpack-5.0.1/lib/action_dispatch/middleware/templates/rescues/_source.html.erb (5.6ms)
  Rendering /Users/campuscode6/.rvm/gems/ruby-2.3.3/gems/actionpack-5.0.1/lib/action_dispatch/middleware/templates/rescues/_trace.html.erb
  Rendered /Users/campuscode6/.rvm/gems/ruby-2.3.3/gems/actionpack-5.0.1/lib/action_dispatch/middleware/templates/rescues/_trace.html.erb (2.7ms)
  Rendering /Users/campuscode6/.rvm/gems/ruby-2.3.3/gems/actionpack-5.0.1/lib/action_dispatch/middleware/templates/rescues/_request_and_response.html.erb
  Rendered /Users/campuscode6/.rvm/gems/ruby-2.3.3/gems/actionpack-5.0.1/lib/action_dispatch/middleware/templates/rescues/_request_and_response.html.erb (1.7ms)
  Rendered /Users/campuscode6/.rvm/gems/ruby-2.3.3/gems/actionpack-5.0.1/lib/action_dispatch/middleware/templates/rescues/template_error.html.erb within rescues/layout (57.0ms)
Started GET "/" for 127.0.0.1 at 2017-02-14 19:07:10 -0200
  [1m[36mActiveRecord::SchemaMigration Load (0.4ms)[0m  [1m[34mSELECT "schema_migrations".* FROM "schema_migrations"[0m
Processing by JobsController#index as HTML
  Rendering jobs/index.html.erb within layouts/application
  [1m[36mJob Load (0.4ms)[0m  [1m[34mSELECT "jobs".* FROM "jobs"[0m
  [1m[36mCompany Load (0.4ms)[0m  [1m[34mSELECT  "companies".* FROM "companies" WHERE "companies"."id" = ? LIMIT ?[0m  [["id", 1], ["LIMIT", 1]]
  Rendered jobs/index.html.erb within layouts/application (45.5ms)
Completed 200 OK in 348ms (Views: 329.9ms | ActiveRecord: 2.0ms)


Started GET "/companies/new" for 127.0.0.1 at 2017-02-14 19:07:21 -0200
Processing by CompaniesController#new as HTML
  Rendering companies/new.html.erb within layouts/application
  Rendered companies/new.html.erb within layouts/application (7.0ms)
Completed 200 OK in 25ms (Views: 21.9ms | ActiveRecord: 0.0ms)


Started GET "/" for 127.0.0.1 at 2017-02-14 19:07:48 -0200
Processing by JobsController#index as HTML
  Rendering jobs/index.html.erb within layouts/application
  [1m[36mJob Load (0.2ms)[0m  [1m[34mSELECT "jobs".* FROM "jobs"[0m
  [1m[36mCompany Load (0.1ms)[0m  [1m[34mSELECT  "companies".* FROM "companies" WHERE "companies"."id" = ? LIMIT ?[0m  [["id", 1], ["LIMIT", 1]]
  Rendered jobs/index.html.erb within layouts/application (3.0ms)
Completed 200 OK in 19ms (Views: 17.2ms | ActiveRecord: 0.3ms)


Started GET "/companies/new" for 127.0.0.1 at 2017-02-14 19:07:49 -0200
Processing by CompaniesController#new as HTML
  Rendering companies/new.html.erb within layouts/application
  Rendered companies/new.html.erb within layouts/application (1.8ms)
Completed 200 OK in 24ms (Views: 21.1ms | ActiveRecord: 0.0ms)


Started GET "/" for 127.0.0.1 at 2017-02-14 19:07:52 -0200
Processing by JobsController#index as HTML
  Rendering jobs/index.html.erb within layouts/application
  [1m[36mJob Load (0.1ms)[0m  [1m[34mSELECT "jobs".* FROM "jobs"[0m
  [1m[36mCompany Load (0.1ms)[0m  [1m[34mSELECT  "companies".* FROM "companies" WHERE "companies"."id" = ? LIMIT ?[0m  [["id", 1], ["LIMIT", 1]]
  Rendered jobs/index.html.erb within layouts/application (2.2ms)
Completed 200 OK in 17ms (Views: 14.8ms | ActiveRecord: 0.2ms)


Started GET "/companies/new" for 127.0.0.1 at 2017-02-14 19:07:54 -0200
Processing by CompaniesController#new as HTML
  Rendering companies/new.html.erb within layouts/application
  Rendered companies/new.html.erb within layouts/application (2.2ms)
Completed 200 OK in 23ms (Views: 19.8ms | ActiveRecord: 0.0ms)


Started GET "/" for 127.0.0.1 at 2017-02-14 19:07:58 -0200
Processing by JobsController#index as HTML
  Rendering jobs/index.html.erb within layouts/application
  [1m[36mJob Load (0.1ms)[0m  [1m[34mSELECT "jobs".* FROM "jobs"[0m
  [1m[36mCompany Load (0.1ms)[0m  [1m[34mSELECT  "companies".* FROM "companies" WHERE "companies"."id" = ? LIMIT ?[0m  [["id", 1], ["LIMIT", 1]]
  Rendered jobs/index.html.erb within layouts/application (2.5ms)
Completed 200 OK in 16ms (Views: 14.8ms | ActiveRecord: 0.2ms)


Started GET "/companies/new" for 127.0.0.1 at 2017-02-14 19:08:05 -0200
Processing by CompaniesController#new as HTML
  Rendering companies/new.html.erb within layouts/application
  Rendered companies/new.html.erb within layouts/application (1.4ms)
Completed 200 OK in 22ms (Views: 18.7ms | ActiveRecord: 0.0ms)


Started GET "/" for 127.0.0.1 at 2017-02-14 19:09:28 -0200
  [1m[36mActiveRecord::SchemaMigration Load (0.2ms)[0m  [1m[34mSELECT "schema_migrations".* FROM "schema_migrations"[0m
Processing by JobsController#index as HTML
  Rendering jobs/index.html.erb within layouts/application
  [1m[36mJob Load (0.2ms)[0m  [1m[34mSELECT "jobs".* FROM "jobs"[0m
  [1m[36mCompany Load (0.2ms)[0m  [1m[34mSELECT  "companies".* FROM "companies" WHERE "companies"."id" = ? LIMIT ?[0m  [["id", 1], ["LIMIT", 1]]
  Rendered jobs/index.html.erb within layouts/application (45.5ms)
Completed 200 OK in 232ms (Views: 215.3ms | ActiveRecord: 1.5ms)


Started GET "/" for 127.0.0.1 at 2017-02-14 19:52:08 -0200
  [1m[36mActiveRecord::SchemaMigration Load (0.2ms)[0m  [1m[34mSELECT "schema_migrations".* FROM "schema_migrations"[0m
Processing by JobsController#index as HTML
  Rendering jobs/index.html.erb within layouts/application
  [1m[36mJob Load (0.2ms)[0m  [1m[34mSELECT "jobs".* FROM "jobs"[0m
  [1m[36mCompany Load (0.2ms)[0m  [1m[34mSELECT  "companies".* FROM "companies" WHERE "companies"."id" = ? LIMIT ?[0m  [["id", 1], ["LIMIT", 1]]
  Rendered jobs/index.html.erb within layouts/application (44.2ms)
Completed 200 OK in 231ms (Views: 214.1ms | ActiveRecord: 1.6ms)


Started GET "/jobs/edit" for 127.0.0.1 at 2017-02-14 19:52:19 -0200
Processing by JobsController#show as HTML
  Parameters: {"id"=>"edit"}
  [1m[36mJob Load (0.3ms)[0m  [1m[34mSELECT  "jobs".* FROM "jobs" WHERE "jobs"."id" = ? LIMIT ?[0m  [["id", 0], ["LIMIT", 1]]
Completed 404 Not Found in 2ms (ActiveRecord: 0.3ms)


  
ActiveRecord::RecordNotFound (Couldn't find Job with 'id'=edit):
  
app/controllers/jobs_controller.rb:8:in `show'
  Rendering /Users/campuscode6/.rvm/gems/ruby-2.3.3/gems/actionpack-5.0.1/lib/action_dispatch/middleware/templates/rescues/diagnostics.html.erb within rescues/layout
  Rendering /Users/campuscode6/.rvm/gems/ruby-2.3.3/gems/actionpack-5.0.1/lib/action_dispatch/middleware/templates/rescues/_source.html.erb
  Rendered /Users/campuscode6/.rvm/gems/ruby-2.3.3/gems/actionpack-5.0.1/lib/action_dispatch/middleware/templates/rescues/_source.html.erb (2.9ms)
  Rendering /Users/campuscode6/.rvm/gems/ruby-2.3.3/gems/actionpack-5.0.1/lib/action_dispatch/middleware/templates/rescues/_trace.html.erb
  Rendered /Users/campuscode6/.rvm/gems/ruby-2.3.3/gems/actionpack-5.0.1/lib/action_dispatch/middleware/templates/rescues/_trace.html.erb (1.4ms)
  Rendering /Users/campuscode6/.rvm/gems/ruby-2.3.3/gems/actionpack-5.0.1/lib/action_dispatch/middleware/templates/rescues/_request_and_response.html.erb
  Rendered /Users/campuscode6/.rvm/gems/ruby-2.3.3/gems/actionpack-5.0.1/lib/action_dispatch/middleware/templates/rescues/_request_and_response.html.erb (0.9ms)
  Rendered /Users/campuscode6/.rvm/gems/ruby-2.3.3/gems/actionpack-5.0.1/lib/action_dispatch/middleware/templates/rescues/diagnostics.html.erb within rescues/layout (56.3ms)
Started GET "/jobs/edit/1" for 127.0.0.1 at 2017-02-14 19:52:28 -0200
  
ActionController::RoutingError (No route matches [GET] "/jobs/edit/1"):
  
actionpack (5.0.1) lib/action_dispatch/middleware/debug_exceptions.rb:53:in `call'
actionpack (5.0.1) lib/action_dispatch/middleware/show_exceptions.rb:31:in `call'
railties (5.0.1) lib/rails/rack/logger.rb:36:in `call_app'
railties (5.0.1) lib/rails/rack/logger.rb:24:in `block in call'
activesupport (5.0.1) lib/active_support/tagged_logging.rb:69:in `block in tagged'
activesupport (5.0.1) lib/active_support/tagged_logging.rb:26:in `tagged'
activesupport (5.0.1) lib/active_support/tagged_logging.rb:69:in `tagged'
railties (5.0.1) lib/rails/rack/logger.rb:24:in `call'
sprockets-rails (3.2.0) lib/sprockets/rails/quiet_assets.rb:13:in `call'
actionpack (5.0.1) lib/action_dispatch/middleware/request_id.rb:24:in `call'
rack (2.0.1) lib/rack/method_override.rb:22:in `call'
rack (2.0.1) lib/rack/runtime.rb:22:in `call'
activesupport (5.0.1) lib/active_support/cache/strategy/local_cache_middleware.rb:28:in `call'
actionpack (5.0.1) lib/action_dispatch/middleware/executor.rb:12:in `call'
actionpack (5.0.1) lib/action_dispatch/middleware/static.rb:136:in `call'
rack (2.0.1) lib/rack/sendfile.rb:111:in `call'
railties (5.0.1) lib/rails/engine.rb:522:in `call'
puma (3.7.0) lib/puma/configuration.rb:226:in `call'
puma (3.7.0) lib/puma/server.rb:578:in `handle_request'
puma (3.7.0) lib/puma/server.rb:415:in `process_client'
puma (3.7.0) lib/puma/server.rb:275:in `block in run'
puma (3.7.0) lib/puma/thread_pool.rb:120:in `block in spawn_thread'
  Rendering /Users/campuscode6/.rvm/gems/ruby-2.3.3/gems/actionpack-5.0.1/lib/action_dispatch/middleware/templates/rescues/routing_error.html.erb within rescues/layout
  Rendering /Users/campuscode6/.rvm/gems/ruby-2.3.3/gems/actionpack-5.0.1/lib/action_dispatch/middleware/templates/rescues/_trace.html.erb
  Rendered /Users/campuscode6/.rvm/gems/ruby-2.3.3/gems/actionpack-5.0.1/lib/action_dispatch/middleware/templates/rescues/_trace.html.erb (1.0ms)
  Rendered collection of /Users/campuscode6/.rvm/gems/ruby-2.3.3/gems/actionpack-5.0.1/lib/action_dispatch/middleware/templates/routes/_route.html.erb [10 times] (3.0ms)
  Rendered /Users/campuscode6/.rvm/gems/ruby-2.3.3/gems/actionpack-5.0.1/lib/action_dispatch/middleware/templates/routes/_table.html.erb (11.4ms)
  Rendering /Users/campuscode6/.rvm/gems/ruby-2.3.3/gems/actionpack-5.0.1/lib/action_dispatch/middleware/templates/rescues/_request_and_response.html.erb
  Rendered /Users/campuscode6/.rvm/gems/ruby-2.3.3/gems/actionpack-5.0.1/lib/action_dispatch/middleware/templates/rescues/_request_and_response.html.erb (1.1ms)
  Rendered /Users/campuscode6/.rvm/gems/ruby-2.3.3/gems/actionpack-5.0.1/lib/action_dispatch/middleware/templates/rescues/routing_error.html.erb within rescues/layout (79.6ms)
Started GET "/jobs/1" for 127.0.0.1 at 2017-02-14 19:52:35 -0200
Processing by JobsController#show as HTML
  Parameters: {"id"=>"1"}
  [1m[36mJob Load (0.1ms)[0m  [1m[34mSELECT  "jobs".* FROM "jobs" WHERE "jobs"."id" = ? LIMIT ?[0m  [["id", 1], ["LIMIT", 1]]
  Rendering jobs/show.html.erb within layouts/application
  [1m[36mCompany Load (0.3ms)[0m  [1m[34mSELECT  "companies".* FROM "companies" WHERE "companies"."id" = ? LIMIT ?[0m  [["id", 1], ["LIMIT", 1]]
  Rendered jobs/show.html.erb within layouts/application (3.7ms)
Completed 200 OK in 23ms (Views: 19.1ms | ActiveRecord: 0.5ms)


Started GET "/companies/new" for 127.0.0.1 at 2017-02-14 19:52:38 -0200
Processing by CompaniesController#new as HTML
  Rendering companies/new.html.erb within layouts/application
  Rendered companies/new.html.erb within layouts/application (4.2ms)
Completed 200 OK in 24ms (Views: 20.8ms | ActiveRecord: 0.0ms)


  [1m[36mJob Load (1.1ms)[0m  [1m[34mSELECT "jobs".* FROM "jobs"[0m
  [1m[36mJob Load (0.2ms)[0m  [1m[34mSELECT  "jobs".* FROM "jobs" ORDER BY "jobs"."id" DESC LIMIT ?[0m  [["LIMIT", 1]]
Started GET "/jobs/1/edit" for 127.0.0.1 at 2017-02-14 19:54:48 -0200
  [1m[36mActiveRecord::SchemaMigration Load (0.4ms)[0m  [1m[34mSELECT "schema_migrations".* FROM "schema_migrations"[0m
Processing by JobsController#edit as HTML
  Parameters: {"id"=>"1"}
  [1m[36mJob Load (0.3ms)[0m  [1m[34mSELECT  "jobs".* FROM "jobs" WHERE "jobs"."id" = ? LIMIT ?[0m  [["id", 1], ["LIMIT", 1]]
  Rendering jobs/edit.html.erb within layouts/application
  Rendered jobs/edit.html.erb within layouts/application (19.5ms)
Completed 200 OK in 219ms (Views: 189.2ms | ActiveRecord: 1.1ms)


Started PATCH "/jobs/1" for 127.0.0.1 at 2017-02-14 19:55:09 -0200
Processing by JobsController#update as HTML
  Parameters: {"utf8"=>"✓", "authenticity_token"=>"11e0Pf5fJmEG6cNivRIwX4qQAeTDTldt3jUAd30yIYrSF5UAOBCgt1hBqhWnBKlt5DMw+l7wGcGPMPMI3ybuGg==", "job"=>{"title"=>"analista", "location"=>"rj", "category"=>"dev", "description"=>"analista senior"}, "commit"=>"Atualizar Vaga", "id"=>"1"}
  [1m[36mJob Load (0.6ms)[0m  [1m[34mSELECT  "jobs".* FROM "jobs" WHERE "jobs"."id" = ? LIMIT ?[0m  [["id", 1], ["LIMIT", 1]]
  [1m[35m (0.1ms)[0m  [1m[36mbegin transaction[0m
  [1m[36mCompany Load (0.1ms)[0m  [1m[34mSELECT  "companies".* FROM "companies" WHERE "companies"."id" = ? LIMIT ?[0m  [["id", 1], ["LIMIT", 1]]
  [1m[35mSQL (0.3ms)[0m  [1m[33mUPDATE "jobs" SET "location" = ?, "updated_at" = ? WHERE "jobs"."id" = ?[0m  [["location", "rj"], ["updated_at", 2017-02-14 21:55:10 UTC], ["id", 1]]
  [1m[35m (0.8ms)[0m  [1m[36mcommit transaction[0m
Redirected to http://localhost:3000/jobs/1
Completed 302 Found in 34ms (ActiveRecord: 2.5ms)


Started GET "/jobs/1" for 127.0.0.1 at 2017-02-14 19:55:10 -0200
Processing by JobsController#show as HTML
  Parameters: {"id"=>"1"}
  [1m[36mJob Load (0.2ms)[0m  [1m[34mSELECT  "jobs".* FROM "jobs" WHERE "jobs"."id" = ? LIMIT ?[0m  [["id", 1], ["LIMIT", 1]]
  Rendering jobs/show.html.erb within layouts/application
  [1m[36mCompany Load (0.1ms)[0m  [1m[34mSELECT  "companies".* FROM "companies" WHERE "companies"."id" = ? LIMIT ?[0m  [["id", 1], ["LIMIT", 1]]
  Rendered jobs/show.html.erb within layouts/application (1.8ms)
Completed 200 OK in 20ms (Views: 17.4ms | ActiveRecord: 0.3ms)


Started GET "/" for 127.0.0.1 at 2017-02-14 19:55:15 -0200
Processing by JobsController#index as HTML
  Rendering jobs/index.html.erb within layouts/application
  [1m[36mJob Load (0.3ms)[0m  [1m[34mSELECT "jobs".* FROM "jobs"[0m
  [1m[36mCompany Load (0.2ms)[0m  [1m[34mSELECT  "companies".* FROM "companies" WHERE "companies"."id" = ? LIMIT ?[0m  [["id", 1], ["LIMIT", 1]]
  Rendered jobs/index.html.erb within layouts/application (4.8ms)
Completed 200 OK in 26ms (Views: 23.0ms | ActiveRecord: 0.4ms)


Started GET "/" for 127.0.0.1 at 2017-02-14 20:01:16 -0200
  [1m[36mActiveRecord::SchemaMigration Load (0.2ms)[0m  [1m[34mSELECT "schema_migrations".* FROM "schema_migrations"[0m
Processing by JobsController#index as HTML
  Rendering jobs/index.html.erb within layouts/application
  [1m[36mJob Load (0.2ms)[0m  [1m[34mSELECT "jobs".* FROM "jobs"[0m
  [1m[36mCompany Load (0.2ms)[0m  [1m[34mSELECT  "companies".* FROM "companies" WHERE "companies"."id" = ? LIMIT ?[0m  [["id", 1], ["LIMIT", 1]]
  Rendered jobs/index.html.erb within layouts/application (44.1ms)
Completed 200 OK in 234ms (Views: 217.4ms | ActiveRecord: 1.4ms)


Started GET "/jobs/1/edit" for 127.0.0.1 at 2017-02-14 20:01:28 -0200
Processing by JobsController#edit as HTML
  Parameters: {"id"=>"1"}
  [1m[36mJob Load (0.4ms)[0m  [1m[34mSELECT  "jobs".* FROM "jobs" WHERE "jobs"."id" = ? LIMIT ?[0m  [["id", 1], ["LIMIT", 1]]
  Rendering jobs/edit.html.erb within layouts/application
  Rendered jobs/edit.html.erb within layouts/application (6.9ms)
Completed 200 OK in 22ms (Views: 19.0ms | ActiveRecord: 0.4ms)


Started GET "/" for 127.0.0.1 at 2017-02-14 21:14:12 -0200
  [1m[36mActiveRecord::SchemaMigration Load (0.2ms)[0m  [1m[34mSELECT "schema_migrations".* FROM "schema_migrations"[0m
Processing by JobsController#index as HTML
  Rendering jobs/index.html.erb within layouts/application
  [1m[36mJob Load (0.2ms)[0m  [1m[34mSELECT "jobs".* FROM "jobs"[0m
  [1m[36mCompany Load (0.2ms)[0m  [1m[34mSELECT  "companies".* FROM "companies" WHERE "companies"."id" = ? LIMIT ?[0m  [["id", 1], ["LIMIT", 1]]
  [1m[36mCompany Load (0.2ms)[0m  [1m[34mSELECT "companies".* FROM "companies"[0m
  Rendered jobs/index.html.erb within layouts/application (40.4ms)
Completed 200 OK in 228ms (Views: 207.1ms | ActiveRecord: 1.7ms)


  [1m[36mJob Load (2.0ms)[0m  [1m[34mSELECT "jobs".* FROM "jobs"[0m
  [1m[36mCompany Load (0.2ms)[0m  [1m[34mSELECT  "companies".* FROM "companies" ORDER BY "companies"."id" DESC LIMIT ?[0m  [["LIMIT", 1]]
  [1m[36mCompany Load (0.1ms)[0m  [1m[34mSELECT  "companies".* FROM "companies" ORDER BY "companies"."id" DESC LIMIT ?[0m  [["LIMIT", 1]]
  [1m[36mJob Load (0.3ms)[0m  [1m[34mSELECT "jobs".* FROM "jobs" WHERE "jobs"."company_id" = ?[0m  [["company_id", 1]]
  [1m[36mCompany Load (0.1ms)[0m  [1m[34mSELECT  "companies".* FROM "companies" ORDER BY "companies"."id" DESC LIMIT ?[0m  [["LIMIT", 1]]
  [1m[36mJob Load (0.1ms)[0m  [1m[34mSELECT "jobs".* FROM "jobs" WHERE "jobs"."company_id" = ?[0m  [["company_id", 1]]
  [1m[36mCompany Load (0.1ms)[0m  [1m[34mSELECT  "companies".* FROM "companies" ORDER BY "companies"."id" DESC LIMIT ?[0m  [["LIMIT", 1]]
  [1m[36mJob Load (0.1ms)[0m  [1m[34mSELECT "jobs".* FROM "jobs" WHERE "jobs"."company_id" = ?[0m  [["company_id", 1]]
Started GET "/" for 127.0.0.1 at 2017-02-14 21:45:11 -0200
  [1m[36mActiveRecord::SchemaMigration Load (0.2ms)[0m  [1m[34mSELECT "schema_migrations".* FROM "schema_migrations"[0m
Processing by JobsController#index as HTML
  Rendering jobs/index.html.erb within layouts/application
  [1m[36mJob Load (0.2ms)[0m  [1m[34mSELECT "jobs".* FROM "jobs"[0m
  [1m[36mCompany Load (0.2ms)[0m  [1m[34mSELECT  "companies".* FROM "companies" WHERE "companies"."id" = ? LIMIT ?[0m  [["id", 1], ["LIMIT", 1]]
  [1m[36mCompany Load (0.1ms)[0m  [1m[34mSELECT "companies".* FROM "companies"[0m
  Rendered jobs/index.html.erb within layouts/application (37.3ms)
Completed 200 OK in 228ms (Views: 204.7ms | ActiveRecord: 1.3ms)


Started GET "/companies/1" for 127.0.0.1 at 2017-02-14 21:45:16 -0200
Processing by CompaniesController#show as HTML
  Parameters: {"id"=>"1"}
  [1m[36mCompany Load (0.4ms)[0m  [1m[34mSELECT  "companies".* FROM "companies" WHERE "companies"."id" = ? LIMIT ?[0m  [["id", 1], ["LIMIT", 1]]
  Rendering companies/show.html.erb within layouts/application
  [1m[36mJob Load (0.2ms)[0m  [1m[34mSELECT "jobs".* FROM "jobs" WHERE "jobs"."company_id" = ?[0m  [["company_id", 1]]
  Rendered companies/show.html.erb within layouts/application (9.2ms)
Completed 200 OK in 28ms (Views: 24.6ms | ActiveRecord: 0.6ms)


Started GET "/companies/1" for 127.0.0.1 at 2017-02-14 21:47:45 -0200
  [1m[36mActiveRecord::SchemaMigration Load (0.2ms)[0m  [1m[34mSELECT "schema_migrations".* FROM "schema_migrations"[0m
Processing by CompaniesController#show as HTML
  Parameters: {"id"=>"1"}
  [1m[36mCompany Load (0.2ms)[0m  [1m[34mSELECT  "companies".* FROM "companies" WHERE "companies"."id" = ? LIMIT ?[0m  [["id", 1], ["LIMIT", 1]]
  Rendering companies/show.html.erb within layouts/application
  [1m[36mJob Load (0.1ms)[0m  [1m[34mSELECT "jobs".* FROM "jobs" WHERE "jobs"."company_id" = ?[0m  [["company_id", 1]]
  Rendered companies/show.html.erb within layouts/application (34.9ms)
Completed 200 OK in 233ms (Views: 203.3ms | ActiveRecord: 1.7ms)


  [1m[36mCompany Load (1.1ms)[0m  [1m[34mSELECT "companies".* FROM "companies"[0m
  [1m[35m (0.1ms)[0m  [1m[36mbegin transaction[0m
  [1m[35mSQL (0.4ms)[0m  [1m[32mINSERT INTO "companies" ("name", "location", "created_at", "updated_at") VALUES (?, ?, ?, ?)[0m  [["name", "kinder"], ["location", "sp"], ["created_at", 2017-02-14 23:54:27 UTC], ["updated_at", 2017-02-14 23:54:27 UTC]]
  [1m[35m (0.9ms)[0m  [1m[36mcommit transaction[0m
  [1m[36mCompany Load (0.1ms)[0m  [1m[34mSELECT "companies".* FROM "companies"[0m
Started GET "/" for 127.0.0.1 at 2017-02-14 21:55:02 -0200
  [1m[36mActiveRecord::SchemaMigration Load (0.2ms)[0m  [1m[34mSELECT "schema_migrations".* FROM "schema_migrations"[0m
Processing by JobsController#index as HTML
  Rendering jobs/index.html.erb within layouts/application
  [1m[36mJob Load (0.2ms)[0m  [1m[34mSELECT "jobs".* FROM "jobs"[0m
  [1m[36mCompany Load (0.2ms)[0m  [1m[34mSELECT  "companies".* FROM "companies" WHERE "companies"."id" = ? LIMIT ?[0m  [["id", 1], ["LIMIT", 1]]
  [1m[36mCompany Load (0.1ms)[0m  [1m[34mSELECT "companies".* FROM "companies"[0m
  Rendered jobs/index.html.erb within layouts/application (40.0ms)
Completed 200 OK in 234ms (Views: 211.8ms | ActiveRecord: 1.5ms)


Started GET "/companies/2" for 127.0.0.1 at 2017-02-14 21:55:04 -0200
Processing by CompaniesController#show as HTML
  Parameters: {"id"=>"2"}
  [1m[36mCompany Load (0.8ms)[0m  [1m[34mSELECT  "companies".* FROM "companies" WHERE "companies"."id" = ? LIMIT ?[0m  [["id", 2], ["LIMIT", 1]]
  Rendering companies/show.html.erb within layouts/application
  [1m[36mJob Load (0.2ms)[0m  [1m[34mSELECT "jobs".* FROM "jobs" WHERE "jobs"."company_id" = ?[0m  [["company_id", 2]]
  Rendered companies/show.html.erb within layouts/application (8.3ms)
Completed 200 OK in 31ms (Views: 25.3ms | ActiveRecord: 0.9ms)


Started GET "/" for 127.0.0.1 at 2017-02-14 22:01:37 -0200
  [1m[36mActiveRecord::SchemaMigration Load (0.2ms)[0m  [1m[34mSELECT "schema_migrations".* FROM "schema_migrations"[0m
Processing by JobsController#index as HTML
  Rendering jobs/index.html.erb within layouts/application
  [1m[36mJob Load (0.2ms)[0m  [1m[34mSELECT "jobs".* FROM "jobs"[0m
  [1m[36mCompany Load (0.3ms)[0m  [1m[34mSELECT  "companies".* FROM "companies" WHERE "companies"."id" = ? LIMIT ?[0m  [["id", 1], ["LIMIT", 1]]
  [1m[36mCompany Load (0.3ms)[0m  [1m[34mSELECT "companies".* FROM "companies"[0m
  Rendered jobs/index.html.erb within layouts/application (43.7ms)
Completed 200 OK in 248ms (Views: 224.2ms | ActiveRecord: 1.8ms)


Started GET "/companies/2" for 127.0.0.1 at 2017-02-14 22:01:38 -0200
Processing by CompaniesController#show as HTML
  Parameters: {"id"=>"2"}
  [1m[36mCompany Load (0.3ms)[0m  [1m[34mSELECT  "companies".* FROM "companies" WHERE "companies"."id" = ? LIMIT ?[0m  [["id", 2], ["LIMIT", 1]]
  Rendering companies/show.html.erb within layouts/application
  [1m[36mJob Load (0.2ms)[0m  [1m[34mSELECT "jobs".* FROM "jobs" WHERE "jobs"."company_id" = ?[0m  [["company_id", 2]]
  Rendered companies/show.html.erb within layouts/application (10.2ms)
Completed 200 OK in 33ms (Views: 28.5ms | ActiveRecord: 0.5ms)


Started GET "/" for 127.0.0.1 at 2017-02-14 22:01:40 -0200
Processing by JobsController#index as HTML
  Rendering jobs/index.html.erb within layouts/application
  [1m[36mJob Load (0.2ms)[0m  [1m[34mSELECT "jobs".* FROM "jobs"[0m
  [1m[36mCompany Load (0.2ms)[0m  [1m[34mSELECT  "companies".* FROM "companies" WHERE "companies"."id" = ? LIMIT ?[0m  [["id", 1], ["LIMIT", 1]]
  [1m[36mCompany Load (0.3ms)[0m  [1m[34mSELECT "companies".* FROM "companies"[0m
  Rendered jobs/index.html.erb within layouts/application (5.7ms)
Completed 200 OK in 32ms (Views: 28.1ms | ActiveRecord: 0.8ms)


Started GET "/companies/1" for 127.0.0.1 at 2017-02-14 22:01:41 -0200
Processing by CompaniesController#show as HTML
  Parameters: {"id"=>"1"}
  [1m[36mCompany Load (0.1ms)[0m  [1m[34mSELECT  "companies".* FROM "companies" WHERE "companies"."id" = ? LIMIT ?[0m  [["id", 1], ["LIMIT", 1]]
  Rendering companies/show.html.erb within layouts/application
  [1m[36mJob Load (0.1ms)[0m  [1m[34mSELECT "jobs".* FROM "jobs" WHERE "jobs"."company_id" = ?[0m  [["company_id", 1]]
  Rendered companies/show.html.erb within layouts/application (3.7ms)
Completed 200 OK in 25ms (Views: 21.4ms | ActiveRecord: 0.2ms)


Started GET "/" for 127.0.0.1 at 2017-02-14 22:01:43 -0200
Processing by JobsController#index as HTML
  Rendering jobs/index.html.erb within layouts/application
  [1m[36mJob Load (0.3ms)[0m  [1m[34mSELECT "jobs".* FROM "jobs"[0m
  [1m[36mCompany Load (0.1ms)[0m  [1m[34mSELECT  "companies".* FROM "companies" WHERE "companies"."id" = ? LIMIT ?[0m  [["id", 1], ["LIMIT", 1]]
  [1m[36mCompany Load (0.2ms)[0m  [1m[34mSELECT "companies".* FROM "companies"[0m
  Rendered jobs/index.html.erb within layouts/application (4.8ms)
Completed 200 OK in 26ms (Views: 22.3ms | ActiveRecord: 0.6ms)


Started GET "/companies/2" for 127.0.0.1 at 2017-02-14 22:01:45 -0200
Processing by CompaniesController#show as HTML
  Parameters: {"id"=>"2"}
  [1m[36mCompany Load (0.2ms)[0m  [1m[34mSELECT  "companies".* FROM "companies" WHERE "companies"."id" = ? LIMIT ?[0m  [["id", 2], ["LIMIT", 1]]
  Rendering companies/show.html.erb within layouts/application
  [1m[36mJob Load (0.2ms)[0m  [1m[34mSELECT "jobs".* FROM "jobs" WHERE "jobs"."company_id" = ?[0m  [["company_id", 2]]
  Rendered companies/show.html.erb within layouts/application (3.6ms)
Completed 200 OK in 26ms (Views: 22.3ms | ActiveRecord: 0.4ms)


Started GET "/" for 127.0.0.1 at 2017-02-15 20:22:09 -0200
  [1m[36mActiveRecord::SchemaMigration Load (0.4ms)[0m  [1m[34mSELECT "schema_migrations".* FROM "schema_migrations"[0m
Processing by JobsController#index as HTML
  Rendering jobs/index.html.erb within layouts/application
  [1m[36mJob Load (0.4ms)[0m  [1m[34mSELECT "jobs".* FROM "jobs"[0m
  [1m[36mCompany Load (0.5ms)[0m  [1m[34mSELECT  "companies".* FROM "companies" WHERE "companies"."id" = ? LIMIT ?[0m  [["id", 1], ["LIMIT", 1]]
  [1m[36mCompany Load (0.2ms)[0m  [1m[34mSELECT "companies".* FROM "companies"[0m
  Rendered jobs/index.html.erb within layouts/application (26.4ms)
Completed 200 OK in 320ms (Views: 301.7ms | ActiveRecord: 2.0ms)


  [1m[35m (0.1ms)[0m  [1m[34mSELECT "schema_migrations"."version" FROM "schema_migrations"[0m
  [1m[36mActiveRecord::SchemaMigration Load (0.2ms)[0m  [1m[34mSELECT "schema_migrations".* FROM "schema_migrations"[0m
Migrating to RemoveCategoryFromJobs (20170215225819)
  [1m[35m (0.1ms)[0m  [1m[36mbegin transaction[0m
  [1m[35mSQL (0.4ms)[0m  [1m[32mINSERT INTO "schema_migrations" ("version") VALUES (?)[0m  [["version", "20170215225819"]]
  [1m[35m (7.5ms)[0m  [1m[36mcommit transaction[0m
  [1m[36mActiveRecord::InternalMetadata Load (0.5ms)[0m  [1m[34mSELECT  "ar_internal_metadata".* FROM "ar_internal_metadata" WHERE "ar_internal_metadata"."key" = ? LIMIT ?[0m  [["key", :environment], ["LIMIT", 1]]
  [1m[35m (0.1ms)[0m  [1m[36mbegin transaction[0m
  [1m[35m (0.0ms)[0m  [1m[36mcommit transaction[0m
  [1m[36mActiveRecord::SchemaMigration Load (0.1ms)[0m  [1m[34mSELECT "schema_migrations".* FROM "schema_migrations"[0m
  [1m[35m (0.1ms)[0m  [1m[34m            SELECT sql
            FROM sqlite_master
            WHERE name='index_jobs_on_company_id' AND type='index'
            UNION ALL
            SELECT sql
            FROM sqlite_temp_master
            WHERE name='index_jobs_on_company_id' AND type='index'
[0m
  [1m[35m (0.1ms)[0m  [1m[34mSELECT "schema_migrations"."version" FROM "schema_migrations"[0m
  [1m[36mActiveRecord::SchemaMigration Load (0.2ms)[0m  [1m[34mSELECT "schema_migrations".* FROM "schema_migrations"[0m
Migrating to CreateCategories (20170215225959)
  [1m[35m (0.1ms)[0m  [1m[36mbegin transaction[0m
  [1m[35m (0.4ms)[0m  [1m[35mCREATE TABLE "categories" ("id" INTEGER PRIMARY KEY AUTOINCREMENT NOT NULL, "name" varchar, "created_at" datetime NOT NULL, "updated_at" datetime NOT NULL)[0m
  [1m[35mSQL (0.2ms)[0m  [1m[32mINSERT INTO "schema_migrations" ("version") VALUES (?)[0m  [["version", "20170215225959"]]
  [1m[35m (1.5ms)[0m  [1m[36mcommit transaction[0m
  [1m[36mActiveRecord::InternalMetadata Load (0.2ms)[0m  [1m[34mSELECT  "ar_internal_metadata".* FROM "ar_internal_metadata" WHERE "ar_internal_metadata"."key" = ? LIMIT ?[0m  [["key", :environment], ["LIMIT", 1]]
  [1m[35m (0.1ms)[0m  [1m[36mbegin transaction[0m
  [1m[35m (0.0ms)[0m  [1m[36mcommit transaction[0m
  [1m[36mActiveRecord::SchemaMigration Load (0.1ms)[0m  [1m[34mSELECT "schema_migrations".* FROM "schema_migrations"[0m
  [1m[35m (0.1ms)[0m  [1m[34m            SELECT sql
            FROM sqlite_master
            WHERE name='index_jobs_on_company_id' AND type='index'
            UNION ALL
            SELECT sql
            FROM sqlite_temp_master
            WHERE name='index_jobs_on_company_id' AND type='index'
[0m
  [1m[36mActiveRecord::SchemaMigration Load (0.2ms)[0m  [1m[34mSELECT "schema_migrations".* FROM "schema_migrations"[0m
  [1m[36mActiveRecord::InternalMetadata Load (0.2ms)[0m  [1m[34mSELECT  "ar_internal_metadata".* FROM "ar_internal_metadata" WHERE "ar_internal_metadata"."key" = ? LIMIT ?[0m  [["key", :environment], ["LIMIT", 1]]
  [1m[35m (0.0ms)[0m  [1m[36mbegin transaction[0m
  [1m[35m (0.0ms)[0m  [1m[36mcommit transaction[0m
  [1m[36mActiveRecord::SchemaMigration Load (0.1ms)[0m  [1m[34mSELECT "schema_migrations".* FROM "schema_migrations"[0m
  [1m[35m (0.1ms)[0m  [1m[34m            SELECT sql
            FROM sqlite_master
            WHERE name='index_jobs_on_company_id' AND type='index'
            UNION ALL
            SELECT sql
            FROM sqlite_temp_master
            WHERE name='index_jobs_on_company_id' AND type='index'
[0m
  [1m[35m (0.2ms)[0m  [1m[34mSELECT "schema_migrations"."version" FROM "schema_migrations"[0m
  [1m[36mActiveRecord::SchemaMigration Load (0.1ms)[0m  [1m[34mSELECT "schema_migrations".* FROM "schema_migrations"[0m
Migrating to AddCategoryRefToJobs (20170215233301)
  [1m[35m (0.1ms)[0m  [1m[36mbegin transaction[0m
  [1m[35m (0.4ms)[0m  [1m[35mALTER TABLE "jobs" ADD "category_id" integer[0m
  [1m[35m (0.1ms)[0m  [1m[34mselect sqlite_version(*)[0m
  [1m[35m (0.1ms)[0m  [1m[34m            SELECT sql
            FROM sqlite_master
            WHERE name='index_jobs_on_company_id' AND type='index'
            UNION ALL
            SELECT sql
            FROM sqlite_temp_master
            WHERE name='index_jobs_on_company_id' AND type='index'
[0m
  [1m[35m (0.1ms)[0m  [1m[35mCREATE  INDEX "index_jobs_on_category_id" ON "jobs" ("category_id")[0m
  [1m[35mSQL (0.2ms)[0m  [1m[32mINSERT INTO "schema_migrations" ("version") VALUES (?)[0m  [["version", "20170215233301"]]
  [1m[35m (1.0ms)[0m  [1m[36mcommit transaction[0m
  [1m[36mActiveRecord::InternalMetadata Load (0.2ms)[0m  [1m[34mSELECT  "ar_internal_metadata".* FROM "ar_internal_metadata" WHERE "ar_internal_metadata"."key" = ? LIMIT ?[0m  [["key", :environment], ["LIMIT", 1]]
  [1m[35m (0.0ms)[0m  [1m[36mbegin transaction[0m
  [1m[35m (0.1ms)[0m  [1m[36mcommit transaction[0m
  [1m[36mActiveRecord::SchemaMigration Load (0.1ms)[0m  [1m[34mSELECT "schema_migrations".* FROM "schema_migrations"[0m
  [1m[35m (0.1ms)[0m  [1m[34m            SELECT sql
            FROM sqlite_master
            WHERE name='index_jobs_on_category_id' AND type='index'
            UNION ALL
            SELECT sql
            FROM sqlite_temp_master
            WHERE name='index_jobs_on_category_id' AND type='index'
[0m
  [1m[35m (0.1ms)[0m  [1m[34m            SELECT sql
            FROM sqlite_master
            WHERE name='index_jobs_on_company_id' AND type='index'
            UNION ALL
            SELECT sql
            FROM sqlite_temp_master
            WHERE name='index_jobs_on_company_id' AND type='index'
[0m
Started GET "/" for 127.0.0.1 at 2017-02-15 21:37:53 -0200
  [1m[36mActiveRecord::SchemaMigration Load (0.1ms)[0m  [1m[34mSELECT "schema_migrations".* FROM "schema_migrations"[0m
Started GET "/companies/new" for 127.0.0.1 at 2017-02-15 21:38:03 -0200
Processing by JobsController#index as HTML
  Rendering jobs/index.html.erb within layouts/application
  [1m[36mJob Load (0.2ms)[0m  [1m[34mSELECT "jobs".* FROM "jobs"[0m
  [1m[36mCompany Load (0.1ms)[0m  [1m[34mSELECT  "companies".* FROM "companies" WHERE "companies"."id" = ? LIMIT ?[0m  [["id", 1], ["LIMIT", 1]]
  [1m[36mCompany Load (0.1ms)[0m  [1m[34mSELECT "companies".* FROM "companies"[0m
  Rendered jobs/index.html.erb within layouts/application (22.1ms)
Completed 200 OK in 44ms (Views: 35.0ms | ActiveRecord: 1.4ms)


Processing by CompaniesController#new as HTML
  Rendering companies/new.html.erb within layouts/application
  Rendered companies/new.html.erb within layouts/application (6.6ms)
Completed 200 OK in 34ms (Views: 24.5ms | ActiveRecord: 0.7ms)


Started GET "/companies/new" for 127.0.0.1 at 2017-02-15 21:38:08 -0200
Processing by CompaniesController#new as HTML
  Rendering companies/new.html.erb within layouts/application
  Rendered companies/new.html.erb within layouts/application (1.5ms)
Completed 200 OK in 23ms (Views: 19.1ms | ActiveRecord: 0.0ms)


Started GET "/jobs/new" for 127.0.0.1 at 2017-02-15 21:38:25 -0200
Processing by JobsController#new as HTML
  Rendering jobs/new.html.erb within layouts/application
  [1m[36mCategory Load (0.1ms)[0m  [1m[34mSELECT "categories".* FROM "categories"[0m
  [1m[36mCompany Load (0.1ms)[0m  [1m[34mSELECT "companies".* FROM "companies"[0m
  Rendered jobs/_form.html.erb (5.6ms)
  Rendered jobs/new.html.erb within layouts/application (7.1ms)
Completed 200 OK in 31ms (Views: 19.5ms | ActiveRecord: 0.9ms)


  [1m[35m (0.1ms)[0m  [1m[36mbegin transaction[0m
  [1m[35mSQL (0.6ms)[0m  [1m[32mINSERT INTO "categories" ("name", "created_at", "updated_at") VALUES (?, ?, ?)[0m  [["name", "desenvolvedor"], ["created_at", 2017-02-15 23:39:06 UTC], ["updated_at", 2017-02-15 23:39:06 UTC]]
  [1m[35m (1.4ms)[0m  [1m[36mcommit transaction[0m
Started GET "/jobs/new" for 127.0.0.1 at 2017-02-15 21:39:19 -0200
Processing by JobsController#new as HTML
  Rendering jobs/new.html.erb within layouts/application
  [1m[36mCategory Load (0.2ms)[0m  [1m[34mSELECT "categories".* FROM "categories"[0m
  [1m[36mCompany Load (0.2ms)[0m  [1m[34mSELECT "companies".* FROM "companies"[0m
  Rendered jobs/_form.html.erb (6.2ms)
  Rendered jobs/new.html.erb within layouts/application (7.7ms)
Completed 200 OK in 22ms (Views: 19.2ms | ActiveRecord: 0.6ms)


Started GET "/jobs/new" for 127.0.0.1 at 2017-02-15 21:43:58 -0200
Processing by JobsController#new as HTML
  Rendering jobs/new.html.erb within layouts/application
  [1m[36mCategory Load (0.2ms)[0m  [1m[34mSELECT "categories".* FROM "categories"[0m
  [1m[36mCompany Load (0.1ms)[0m  [1m[34mSELECT "companies".* FROM "companies"[0m
  Rendered jobs/_form.html.erb (11.0ms)
  Rendered jobs/new.html.erb within layouts/application (12.6ms)
Completed 200 OK in 47ms (Views: 25.7ms | ActiveRecord: 2.0ms)


Started POST "/jobs" for 127.0.0.1 at 2017-02-15 21:44:18 -0200
Processing by JobsController#create as HTML
  Parameters: {"utf8"=>"✓", "authenticity_token"=>"Av3v1MrEEFNRNROpwfTgFIIXXgL8WKQOwzq+xFlpGjfBwLqx+V8GRtRn4msn4zxSVpuE6KZgFX46P7umTAEdlw==", "job"=>{"title"=>"analista", "location"=>"sp", "category_id"=>"1", "company_id"=>"1", "description"=>"teste", "featured"=>"0"}, "commit"=>"Criar Vaga"}
Unpermitted parameter: category_id
  [1m[35m (0.1ms)[0m  [1m[36mbegin transaction[0m
  [1m[36mCompany Load (0.1ms)[0m  [1m[34mSELECT  "companies".* FROM "companies" WHERE "companies"."id" = ? LIMIT ?[0m  [["id", 1], ["LIMIT", 1]]
  [1m[35m (0.1ms)[0m  [1m[31mrollback transaction[0m
  Rendering jobs/new.html.erb within layouts/application
  [1m[36mCategory Load (0.1ms)[0m  [1m[34mSELECT "categories".* FROM "categories"[0m
  [1m[36mCompany Load (0.1ms)[0m  [1m[34mSELECT "companies".* FROM "companies"[0m
  Rendered jobs/_form.html.erb (3.2ms)
  Rendered jobs/new.html.erb within layouts/application (5.6ms)
Completed 200 OK in 30ms (Views: 20.6ms | ActiveRecord: 0.5ms)


Started POST "/jobs" for 127.0.0.1 at 2017-02-15 21:44:33 -0200
Processing by JobsController#create as HTML
  Parameters: {"utf8"=>"✓", "authenticity_token"=>"5aofI2Vj7/7quJIh8qbW3sjh3TEssiSXWuGbq7IuJ/oml0pGVvj562/qY+MUsQqYHG0H23aKleej5J7Jp0YgWg==", "job"=>{"title"=>"analista", "location"=>"sp", "category_id"=>"1", "company_id"=>"1", "description"=>"teste", "featured"=>"1"}, "commit"=>"Criar Vaga"}
Unpermitted parameter: category_id
  [1m[35m (0.1ms)[0m  [1m[36mbegin transaction[0m
  [1m[36mCompany Load (0.1ms)[0m  [1m[34mSELECT  "companies".* FROM "companies" WHERE "companies"."id" = ? LIMIT ?[0m  [["id", 1], ["LIMIT", 1]]
  [1m[35m (0.0ms)[0m  [1m[31mrollback transaction[0m
  Rendering jobs/new.html.erb within layouts/application
  [1m[36mCategory Load (0.3ms)[0m  [1m[34mSELECT "categories".* FROM "categories"[0m
  [1m[36mCompany Load (0.2ms)[0m  [1m[34mSELECT "companies".* FROM "companies"[0m
  Rendered jobs/_form.html.erb (4.3ms)
  Rendered jobs/new.html.erb within layouts/application (7.0ms)
Completed 200 OK in 25ms (Views: 21.6ms | ActiveRecord: 0.7ms)


Started GET "/jobs" for 127.0.0.1 at 2017-02-15 21:44:36 -0200
  
ActionController::RoutingError (No route matches [GET] "/jobs"):
  
actionpack (5.0.1) lib/action_dispatch/middleware/debug_exceptions.rb:53:in `call'
actionpack (5.0.1) lib/action_dispatch/middleware/show_exceptions.rb:31:in `call'
railties (5.0.1) lib/rails/rack/logger.rb:36:in `call_app'
railties (5.0.1) lib/rails/rack/logger.rb:24:in `block in call'
activesupport (5.0.1) lib/active_support/tagged_logging.rb:69:in `block in tagged'
activesupport (5.0.1) lib/active_support/tagged_logging.rb:26:in `tagged'
activesupport (5.0.1) lib/active_support/tagged_logging.rb:69:in `tagged'
railties (5.0.1) lib/rails/rack/logger.rb:24:in `call'
sprockets-rails (3.2.0) lib/sprockets/rails/quiet_assets.rb:13:in `call'
actionpack (5.0.1) lib/action_dispatch/middleware/request_id.rb:24:in `call'
rack (2.0.1) lib/rack/method_override.rb:22:in `call'
rack (2.0.1) lib/rack/runtime.rb:22:in `call'
activesupport (5.0.1) lib/active_support/cache/strategy/local_cache_middleware.rb:28:in `call'
actionpack (5.0.1) lib/action_dispatch/middleware/executor.rb:12:in `call'
actionpack (5.0.1) lib/action_dispatch/middleware/static.rb:136:in `call'
rack (2.0.1) lib/rack/sendfile.rb:111:in `call'
railties (5.0.1) lib/rails/engine.rb:522:in `call'
puma (3.7.0) lib/puma/configuration.rb:226:in `call'
puma (3.7.0) lib/puma/server.rb:578:in `handle_request'
puma (3.7.0) lib/puma/server.rb:415:in `process_client'
puma (3.7.0) lib/puma/server.rb:275:in `block in run'
puma (3.7.0) lib/puma/thread_pool.rb:120:in `block in spawn_thread'
  Rendering /Users/campuscode6/.rvm/gems/ruby-2.3.3/gems/actionpack-5.0.1/lib/action_dispatch/middleware/templates/rescues/routing_error.html.erb within rescues/layout
  Rendering /Users/campuscode6/.rvm/gems/ruby-2.3.3/gems/actionpack-5.0.1/lib/action_dispatch/middleware/templates/rescues/_trace.html.erb
  Rendered /Users/campuscode6/.rvm/gems/ruby-2.3.3/gems/actionpack-5.0.1/lib/action_dispatch/middleware/templates/rescues/_trace.html.erb (1.0ms)
  Rendered collection of /Users/campuscode6/.rvm/gems/ruby-2.3.3/gems/actionpack-5.0.1/lib/action_dispatch/middleware/templates/routes/_route.html.erb [10 times] (3.0ms)
  Rendered /Users/campuscode6/.rvm/gems/ruby-2.3.3/gems/actionpack-5.0.1/lib/action_dispatch/middleware/templates/routes/_table.html.erb (9.1ms)
  Rendering /Users/campuscode6/.rvm/gems/ruby-2.3.3/gems/actionpack-5.0.1/lib/action_dispatch/middleware/templates/rescues/_request_and_response.html.erb
  Rendered /Users/campuscode6/.rvm/gems/ruby-2.3.3/gems/actionpack-5.0.1/lib/action_dispatch/middleware/templates/rescues/_request_and_response.html.erb (1.1ms)
  Rendered /Users/campuscode6/.rvm/gems/ruby-2.3.3/gems/actionpack-5.0.1/lib/action_dispatch/middleware/templates/rescues/routing_error.html.erb within rescues/layout (78.9ms)
Started GET "/jobs/new" for 127.0.0.1 at 2017-02-15 21:44:45 -0200
Processing by JobsController#new as HTML
  Rendering jobs/new.html.erb within layouts/application
  [1m[36mCategory Load (0.1ms)[0m  [1m[34mSELECT "categories".* FROM "categories"[0m
  [1m[36mCompany Load (0.1ms)[0m  [1m[34mSELECT "companies".* FROM "companies"[0m
  Rendered jobs/_form.html.erb (2.7ms)
  Rendered jobs/new.html.erb within layouts/application (4.1ms)
Completed 200 OK in 20ms (Views: 17.5ms | ActiveRecord: 0.2ms)


  [1m[36mJob Load (1.1ms)[0m  [1m[34mSELECT "jobs".* FROM "jobs"[0m
